SF:lib/models/app_config.dart
DA:6,2
DA:12,2
DA:13,2
DA:19,2
DA:25,2
DA:33,2
DA:34,4
DA:35,4
DA:49,2
DA:59,2
DA:67,2
DA:83,2
LF:12
LH:12
end_of_record
SF:lib/cidaas/services/cidaas_mobile_auth_service.dart
DA:22,0
DA:28,0
DA:31,0
DA:38,0
DA:40,0
DA:42,0
DA:43,0
DA:44,0
DA:47,0
DA:48,0
DA:49,0
DA:50,0
DA:51,0
DA:52,0
DA:53,0
DA:54,0
DA:55,0
DA:56,0
DA:57,0
DA:58,0
DA:59,0
DA:60,0
DA:61,0
DA:62,0
DA:63,0
DA:65,0
DA:66,0
DA:67,0
DA:68,0
DA:69,0
DA:72,0
DA:73,0
DA:74,0
DA:77,0
DA:80,0
DA:82,0
DA:83,0
DA:90,0
DA:91,0
DA:93,0
DA:95,0
DA:97,0
DA:104,0
DA:107,0
DA:111,0
DA:112,0
DA:113,0
DA:114,0
DA:117,0
DA:119,0
DA:121,0
DA:123,0
DA:124,0
DA:125,0
DA:126,0
DA:130,0
DA:133,0
DA:135,0
DA:136,0
DA:137,0
DA:138,0
DA:141,0
DA:142,0
DA:143,0
DA:148,0
DA:149,0
DA:152,0
DA:153,0
DA:154,0
DA:155,0
DA:160,0
DA:164,0
DA:166,0
DA:169,0
DA:170,0
DA:171,0
DA:173,0
DA:178,0
DA:179,0
DA:180,0
DA:181,0
DA:189,0
DA:190,0
DA:191,0
DA:192,0
DA:195,0
DA:199,0
DA:200,0
DA:201,0
DA:203,0
DA:204,0
DA:207,0
DA:208,0
DA:215,0
DA:216,0
DA:220,0
DA:231,0
DA:239,0
DA:241,0
DA:242,0
DA:243,0
DA:246,0
DA:248,0
DA:252,0
DA:255,0
DA:260,0
DA:262,0
DA:265,0
DA:269,0
DA:271,0
DA:276,0
DA:278,0
DA:284,0
DA:288,0
DA:290,0
DA:291,0
DA:292,0
DA:294,0
DA:300,0
DA:306,0
DA:307,0
DA:308,0
DA:312,0
DA:317,0
DA:319,0
DA:320,0
DA:321,0
DA:322,0
DA:323,0
DA:326,0
DA:328,0
DA:329,0
DA:332,0
DA:335,0
DA:338,0
DA:340,0
DA:342,0
DA:344,0
DA:345,0
DA:346,0
DA:350,0
DA:357,0
DA:358,0
DA:359,0
DA:361,0
DA:362,0
DA:365,0
DA:372,0
DA:373,0
DA:377,0
LF:150
LH:0
end_of_record
SF:lib/cidaas/services/ahamatic_token_service.dart
DA:17,0
DA:25,0
DA:26,0
DA:28,0
DA:29,0
DA:30,0
DA:31,0
DA:37,0
DA:39,0
DA:40,0
DA:42,0
DA:43,0
DA:44,0
DA:46,0
DA:47,0
DA:51,0
DA:52,0
DA:53,0
DA:56,0
DA:59,0
DA:62,0
DA:69,0
DA:71,0
DA:75,0
DA:79,0
DA:95,0
DA:104,0
DA:106,0
DA:107,0
DA:108,0
DA:109,0
DA:110,0
DA:116,0
DA:117,0
DA:118,0
DA:125,0
DA:126,0
DA:127,0
DA:132,0
DA:134,0
DA:135,0
DA:136,0
DA:137,0
DA:140,0
DA:147,0
DA:151,0
DA:155,0
LF:47
LH:0
end_of_record
SF:lib/cidaas/models/ahamatic_response.dart
DA:15,1
DA:22,2
DA:25,1
DA:26,3
DA:28,0
DA:30,0
DA:31,0
DA:32,0
LF:8
LH:4
end_of_record
SF:lib/cidaas/models/cidaas_configuration.dart
DA:51,0
DA:52,0
DA:53,0
DA:57,3
DA:58,9
DA:59,4
DA:62,3
DA:63,10
DA:64,6
DA:65,3
DA:67,3
DA:68,3
DA:74,6
DA:89,1
DA:91,3
DA:92,2
LF:16
LH:13
end_of_record
SF:lib/cidaas/models/cidaas_token_response.dart
DA:21,1
DA:30,2
DA:33,0
DA:34,0
DA:40,0
DA:42,0
DA:43,0
LF:7
LH:2
end_of_record
SF:lib/cidaas/models/cidaas_web_auth_result.dart
DA:15,1
DA:21,0
DA:23,0
DA:24,0
LF:4
LH:1
end_of_record
SF:lib/cidaas/utils/error_handler.dart
DA:21,1
DA:27,2
DA:28,2
DA:29,3
DA:30,3
DA:31,2
DA:32,4
DA:33,3
DA:36,1
DA:37,1
DA:41,1
DA:42,0
DA:45,2
DA:46,2
DA:47,2
DA:50,2
DA:51,2
DA:52,2
DA:53,3
DA:56,2
DA:57,0
DA:59,2
DA:60,2
DA:64,1
DA:65,2
DA:66,2
DA:67,2
DA:68,4
DA:69,5
DA:70,5
DA:72,1
DA:73,5
DA:74,5
DA:75,2
DA:76,4
DA:77,4
DA:79,2
DA:80,2
DA:82,1
DA:84,2
DA:85,0
DA:86,0
DA:88,3
DA:92,2
DA:97,0
DA:98,0
DA:99,0
DA:100,0
DA:101,0
DA:102,0
DA:103,0
DA:104,0
DA:112,1
DA:116,1
DA:117,1
DA:120,0
DA:121,0
DA:124,0
DA:128,0
DA:132,0
DA:136,0
DA:138,0
DA:142,0
DA:143,0
DA:144,0
DA:148,0
DA:152,0
DA:156,0
DA:164,1
DA:165,1
DA:166,1
DA:167,1
DA:168,1
DA:171,1
DA:174,1
DA:177,1
DA:178,2
DA:180,1
DA:182,1
DA:184,1
DA:186,1
DA:188,1
DA:190,1
DA:192,1
DA:194,0
DA:197,0
DA:200,1
DA:203,1
DA:204,2
DA:212,0
DA:213,0
DA:214,0
DA:217,0
DA:218,0
DA:219,0
DA:224,0
DA:229,0
DA:230,0
DA:235,0
DA:240,0
DA:245,0
DA:249,0
DA:256,0
DA:265,0
DA:267,0
DA:271,0
LF:106
LH:62
end_of_record
SF:lib/cidaas/utils/pkce_utils.dart
DA:18,2
DA:19,2
DA:20,2
DA:22,8
DA:23,2
DA:30,2
DA:31,2
DA:37,1
DA:38,1
DA:39,1
DA:40,3
DA:46,2
DA:47,2
DA:54,2
DA:55,8
DA:58,8
LF:16
LH:16
end_of_record
SF:lib/flutter_ahamatic_authentication.dart
DA:78,1
DA:83,1
DA:84,1
DA:85,1
DA:90,1
DA:91,2
DA:96,1
DA:97,2
DA:102,1
DA:103,2
DA:173,0
DA:196,0
DA:198,0
DA:229,0
DA:230,0
DA:232,0
DA:240,0
DA:242,0
DA:243,0
DA:244,0
DA:247,0
DA:248,0
DA:253,0
DA:255,0
DA:256,0
DA:257,0
DA:259,0
DA:263,0
DA:268,0
DA:269,0
DA:270,0
DA:271,0
DA:272,0
DA:275,0
DA:276,0
DA:277,0
DA:280,0
DA:282,0
DA:283,0
DA:284,0
DA:287,0
DA:288,0
DA:289,0
DA:294,0
DA:295,0
DA:296,0
DA:297,0
DA:298,0
DA:299,0
DA:300,0
DA:301,0
DA:302,0
DA:303,0
DA:305,0
DA:306,0
DA:310,0
DA:311,0
DA:314,0
DA:315,0
DA:316,0
DA:319,0
DA:321,0
DA:322,0
DA:323,0
DA:324,0
DA:325,0
DA:326,0
DA:327,0
DA:328,0
DA:329,0
DA:333,0
DA:335,0
DA:336,0
DA:337,0
DA:338,0
DA:339,0
DA:341,0
DA:342,0
DA:347,0
DA:348,0
DA:349,0
DA:350,0
DA:351,0
DA:352,0
DA:353,0
DA:354,0
DA:355,0
DA:358,0
DA:363,0
DA:364,0
DA:369,0
DA:370,0
DA:372,0
DA:373,0
DA:374,0
DA:377,0
DA:378,0
DA:385,0
DA:386,0
DA:387,0
DA:389,0
DA:391,0
DA:392,0
DA:393,0
DA:395,0
DA:397,0
DA:401,0
DA:402,0
DA:403,0
DA:404,0
DA:405,0
DA:406,0
DA:407,0
DA:408,0
DA:411,0
DA:413,0
DA:417,0
DA:419,0
DA:423,0
DA:424,0
DA:425,0
DA:428,0
DA:429,0
DA:430,0
DA:437,0
DA:439,0
DA:442,0
DA:445,0
DA:446,0
DA:447,0
DA:453,0
DA:454,0
DA:455,0
DA:457,0
DA:459,0
DA:467,0
DA:468,0
DA:469,0
DA:471,0
DA:472,0
DA:475,0
DA:476,0
DA:477,0
DA:482,0
DA:483,0
DA:484,0
DA:486,0
DA:487,0
DA:490,0
DA:491,0
DA:492,0
DA:494,0
DA:497,0
DA:498,0
DA:499,0
DA:503,0
DA:504,0
DA:509,0
DA:510,0
DA:513,0
DA:515,0
DA:516,0
DA:517,0
DA:518,0
DA:519,0
DA:524,0
DA:525,0
DA:527,0
DA:529,0
DA:530,0
DA:531,0
DA:533,0
DA:534,0
DA:536,0
DA:538,0
DA:540,0
DA:543,0
DA:545,0
DA:546,0
DA:553,0
DA:554,0
DA:555,0
DA:556,0
DA:559,0
DA:560,0
DA:561,0
DA:563,0
DA:564,0
DA:567,0
DA:573,0
DA:575,0
DA:576,0
DA:578,0
DA:579,0
DA:589,0
DA:591,0
DA:592,0
DA:594,0
DA:596,0
DA:597,0
DA:601,0
DA:602,0
DA:603,0
DA:604,0
DA:605,0
DA:608,0
DA:609,0
DA:610,0
DA:611,0
DA:612,0
DA:613,0
DA:614,0
DA:615,0
DA:616,0
DA:618,0
DA:619,0
DA:620,0
DA:622,0
DA:627,0
DA:628,0
DA:629,0
DA:630,0
DA:636,0
DA:638,0
DA:639,0
DA:643,0
DA:644,0
DA:645,0
DA:646,0
DA:648,0
DA:649,0
DA:650,0
DA:654,0
DA:658,0
DA:659,0
DA:660,0
DA:662,0
DA:664,0
DA:665,0
DA:666,0
DA:667,0
DA:668,0
DA:669,0
DA:671,0
DA:673,0
DA:675,0
DA:678,0
DA:679,0
DA:680,0
DA:681,0
DA:682,0
DA:683,0
DA:684,0
DA:685,0
DA:686,0
DA:687,0
DA:688,0
DA:689,0
DA:690,0
DA:693,0
DA:694,0
DA:701,0
DA:711,0
DA:715,0
DA:716,0
DA:720,0
DA:721,0
DA:724,0
DA:727,0
DA:728,0
DA:729,0
DA:735,0
DA:736,0
DA:737,0
DA:738,0
DA:739,0
DA:742,0
DA:744,0
DA:745,0
DA:746,0
DA:748,0
DA:754,0
DA:756,0
DA:757,0
DA:759,0
DA:760,0
DA:763,0
DA:766,0
DA:767,0
DA:768,0
DA:772,0
DA:773,0
DA:774,0
DA:775,0
DA:776,0
DA:777,0
DA:778,0
DA:781,0
DA:783,0
DA:787,0
DA:789,0
DA:790,0
DA:792,0
DA:793,0
DA:794,0
DA:795,0
DA:796,0
DA:797,0
DA:798,0
DA:803,0
DA:806,0
DA:807,0
DA:810,0
DA:811,0
DA:813,0
DA:814,0
DA:815,0
DA:819,0
DA:820,0
DA:823,0
DA:824,0
DA:826,0
DA:835,0
DA:836,0
DA:837,0
DA:838,0
DA:840,0
DA:841,0
DA:843,0
DA:844,0
DA:845,0
DA:846,0
DA:847,0
DA:848,0
DA:850,0
DA:851,0
DA:852,0
DA:856,0
DA:857,0
DA:859,0
DA:860,0
DA:870,0
DA:871,0
DA:872,0
DA:873,0
DA:875,0
DA:876,0
DA:877,0
DA:883,0
DA:893,0
DA:898,0
DA:899,0
DA:900,0
DA:903,0
DA:905,0
DA:907,0
DA:908,0
DA:909,0
DA:911,0
DA:915,0
DA:916,0
DA:917,0
DA:921,0
DA:923,0
DA:925,0
DA:926,0
DA:930,0
DA:932,0
DA:933,0
DA:934,0
DA:937,0
DA:938,0
DA:939,0
DA:940,0
DA:943,0
DA:946,0
DA:947,0
DA:951,0
DA:966,0
DA:974,0
DA:976,0
DA:979,0
DA:981,0
DA:982,0
DA:983,0
DA:984,0
DA:986,0
DA:987,0
DA:989,0
DA:990,0
DA:991,0
DA:992,0
DA:993,0
DA:997,0
DA:1001,0
DA:1005,0
DA:1006,0
DA:1007,0
DA:1009,0
DA:1010,0
DA:1018,0
DA:1022,0
DA:1024,0
DA:1025,0
DA:1026,0
DA:1031,0
DA:1036,0
DA:1037,0
DA:1042,0
DA:1043,0
DA:1044,0
DA:1050,0
DA:1052,0
DA:1053,0
DA:1054,0
DA:1058,0
DA:1063,0
DA:1064,0
DA:1068,0
DA:1069,0
DA:1070,0
DA:1071,0
DA:1077,0
DA:1081,0
DA:1082,0
DA:1096,0
DA:1101,0
DA:1104,0
DA:1105,0
DA:1108,0
DA:1113,0
DA:1116,0
DA:1119,0
DA:1121,0
DA:1123,0
DA:1124,0
DA:1126,0
DA:1128,0
LF:438
LH:10
end_of_record
SF:lib/cidaas/services/cidaas_web_auth_service.dart
DA:27,0
DA:28,0
DA:37,0
DA:38,0
DA:39,0
DA:41,0
DA:45,0
DA:46,0
DA:47,0
DA:48,0
DA:56,0
DA:57,0
DA:59,0
DA:60,0
DA:62,0
DA:63,0
DA:64,0
DA:65,0
DA:66,0
DA:69,0
DA:70,0
DA:71,0
DA:74,0
DA:75,0
DA:77,0
DA:78,0
DA:81,0
DA:84,0
DA:85,0
DA:86,0
DA:88,0
DA:89,0
DA:91,0
DA:94,0
DA:95,0
DA:96,0
DA:97,0
DA:98,0
DA:99,0
DA:100,0
DA:102,0
DA:103,0
DA:104,0
DA:105,0
DA:106,0
DA:110,0
DA:111,0
DA:122,0
DA:123,0
DA:124,0
DA:127,0
DA:133,0
DA:135,0
DA:137,0
DA:138,0
DA:140,0
DA:142,0
DA:143,0
DA:144,0
DA:146,0
DA:147,0
DA:150,0
DA:152,0
DA:153,0
DA:164,0
DA:167,0
DA:168,0
DA:175,0
DA:176,0
DA:178,0
DA:179,0
DA:180,0
DA:181,0
DA:183,0
DA:185,0
DA:186,0
DA:187,0
DA:192,0
DA:193,0
DA:199,0
DA:201,0
DA:205,0
DA:215,0
DA:218,0
DA:219,0
DA:221,0
DA:222,0
DA:223,0
DA:224,0
DA:226,0
DA:231,0
DA:237,0
DA:238,0
DA:240,0
DA:241,0
DA:242,0
DA:243,0
DA:245,0
DA:247,0
DA:248,0
DA:251,0
DA:255,0
DA:256,0
DA:258,0
DA:259,0
DA:260,0
DA:265,0
DA:266,0
DA:271,0
DA:272,0
DA:274,0
DA:277,0
DA:285,0
DA:288,0
DA:289,0
DA:290,0
DA:291,0
DA:293,0
DA:296,0
DA:298,0
DA:301,0
DA:302,0
DA:303,0
DA:305,0
DA:310,0
DA:313,0
DA:314,0
DA:315,0
DA:316,0
DA:317,0
DA:318,0
DA:321,0
DA:332,0
DA:337,0
DA:340,0
DA:341,0
DA:342,0
DA:345,0
DA:347,0
DA:348,0
DA:351,0
DA:352,0
DA:353,0
DA:354,0
DA:355,0
DA:356,0
DA:361,0
DA:365,0
DA:366,0
DA:367,0
DA:379,0
DA:380,0
DA:383,0
DA:386,0
DA:388,0
DA:390,0
DA:393,0
DA:394,0
DA:397,0
DA:398,0
DA:399,0
DA:401,0
DA:404,0
LF:163
LH:0
end_of_record
SF:lib/cidaas/services/cidaas_web_auth_service_stub.dart
DA:11,0
DA:16,0
DA:21,0
DA:22,0
DA:27,0
DA:29,0
DA:34,0
DA:35,0
DA:40,0
DA:43,0
DA:48,0
DA:53,0
DA:58,0
DA:59,0
LF:14
LH:0
end_of_record
SF:lib/services/ahamatic_api_service.dart
DA:23,1
DA:28,1
DA:30,3
DA:33,2
DA:34,2
DA:37,2
DA:38,1
DA:39,1
DA:41,2
DA:42,1
DA:44,1
DA:46,1
DA:49,0
DA:51,0
DA:54,1
DA:55,1
DA:58,1
DA:61,1
DA:62,1
DA:64,2
DA:69,1
DA:74,3
DA:77,2
DA:78,2
DA:81,2
DA:82,1
DA:83,1
DA:85,0
DA:87,0
DA:90,1
DA:91,1
DA:94,1
DA:97,1
DA:98,1
DA:100,2
DA:106,1
DA:113,1
DA:114,0
DA:115,0
DA:118,1
DA:120,2
DA:121,1
DA:127,2
DA:128,2
DA:129,0
DA:131,2
DA:132,0
DA:138,2
DA:139,2
DA:145,2
DA:146,2
DA:148,1
DA:150,1
DA:151,1
DA:152,0
DA:153,0
DA:157,1
DA:161,2
DA:162,2
DA:170,2
DA:171,1
DA:172,1
DA:174,1
DA:175,1
DA:176,0
DA:177,0
DA:181,3
DA:184,1
DA:185,2
DA:186,2
DA:187,2
DA:193,3
DA:197,3
DA:202,1
DA:203,2
DA:204,2
DA:208,1
DA:210,2
DA:211,3
DA:212,3
DA:213,3
DA:215,1
DA:224,0
DA:227,0
DA:230,0
DA:240,1
DA:242,1
DA:243,3
LF:88
LH:73
end_of_record
SF:lib/services/openiam_auth_service.dart
DA:19,1
DA:21,1
DA:24,1
DA:26,1
DA:30,1
DA:32,2
DA:34,2
DA:35,2
DA:40,1
DA:41,1
DA:42,1
DA:44,3
DA:47,1
DA:49,3
DA:52,0
DA:57,1
DA:59,2
DA:61,1
DA:62,1
DA:63,1
DA:64,2
DA:69,2
DA:70,4
DA:71,2
DA:73,2
DA:77,2
DA:79,3
DA:83,2
DA:86,3
DA:89,1
DA:90,2
DA:93,3
DA:96,0
LF:33
LH:31
end_of_record
SF:lib/services/auth_logging_service.dart
DA:24,1
DA:29,1
DA:31,1
DA:38,2
DA:40,1
DA:41,2
DA:46,1
DA:47,1
DA:50,2
DA:54,4
DA:56,1
DA:58,1
DA:65,2
DA:66,2
DA:70,2
DA:71,2
DA:73,0
DA:74,0
DA:76,1
DA:77,4
DA:79,0
DA:84,1
DA:90,1
DA:91,0
DA:92,0
DA:93,1
DA:94,0
DA:95,0
DA:98,0
DA:105,1
DA:107,1
DA:108,2
DA:110,3
LF:33
LH:25
end_of_record
SF:lib/services/platform_service.dart
DA:9,0
DA:12,1
DA:14,2
DA:18,0
DA:20,0
DA:24,0
DA:26,0
DA:30,0
DA:32,0
DA:36,0
DA:38,0
DA:42,0
DA:45,0
DA:48,0
DA:49,0
DA:50,0
DA:51,0
DA:52,0
DA:53,0
DA:54,0
LF:20
LH:2
end_of_record
SF:lib/widgets/auth_webview.dart
DA:26,0
DA:35,0
DA:42,0
DA:56,0
DA:66,0
DA:76,0
DA:79,0
DA:81,0
DA:82,0
DA:83,0
DA:84,0
DA:85,0
DA:86,0
DA:87,0
DA:88,0
DA:89,0
DA:90,0
DA:92,0
DA:93,0
DA:94,0
DA:96,0
DA:97,0
DA:98,0
DA:100,0
DA:101,0
DA:102,0
DA:115,0
DA:116,0
DA:118,0
DA:119,0
DA:120,0
DA:121,0
DA:122,0
DA:126,0
DA:128,0
DA:129,0
DA:131,0
DA:133,0
DA:135,0
DA:136,0
DA:137,0
LF:41
LH:0
end_of_record
SF:lib/widgets/oauth_callback_handler.dart
DA:51,0
DA:62,0
DA:63,0
DA:70,0
DA:72,0
DA:74,0
DA:76,0
DA:77,0
DA:81,0
DA:83,0
DA:84,0
DA:86,0
DA:87,0
DA:91,0
DA:95,0
DA:96,0
DA:97,0
DA:99,0
DA:100,0
DA:101,0
DA:104,0
DA:109,0
DA:110,0
DA:111,0
DA:115,0
DA:117,0
DA:118,0
DA:119,0
DA:120,0
DA:122,0
DA:126,0
DA:128,0
DA:129,0
DA:130,0
DA:131,0
DA:132,0
DA:134,0
DA:137,0
DA:139,0
DA:147,0
DA:148,0
DA:149,0
DA:150,0
DA:152,0
DA:155,0
DA:157,0
DA:160,0
DA:162,0
DA:163,0
DA:165,0
DA:169,0
DA:170,0
DA:172,0
DA:187,0
DA:191,0
DA:192,0
DA:193,0
DA:200,0
DA:204,0
DA:205,0
DA:212,0
DA:214,0
LF:62
LH:0
end_of_record
SF:lib/widgets/auth_webview_mobile.dart
DA:9,0
DA:17,0
DA:18,0
DA:30,0
DA:32,0
DA:33,0
DA:36,0
DA:37,0
DA:38,0
DA:39,0
DA:40,0
DA:41,0
DA:42,0
DA:44,0
DA:45,0
DA:46,0
DA:47,0
DA:50,0
DA:51,0
DA:52,0
DA:53,0
DA:56,0
DA:57,0
DA:58,0
DA:60,0
DA:63,0
DA:66,0
DA:69,0
DA:70,0
DA:73,0
DA:74,0
DA:75,0
DA:77,0
DA:83,0
DA:84,0
DA:85,0
DA:86,0
DA:95,0
DA:97,0
DA:98,0
DA:99,0
DA:100,0
DA:101,0
DA:103,0
DA:104,0
DA:105,0
DA:106,0
DA:107,0
DA:109,0
DA:110,0
DA:111,0
DA:115,0
DA:126,0
DA:133,0
DA:143,0
DA:153,0
LF:56
LH:0
end_of_record
